<?xml version="1.0" encoding="UTF-8"?>
<!-- Generated by org.testng.reporters.JUnitReportReporter -->
<testsuite hostname="Vino" failures="0" tests="1" name="com.testpackage.test1" time="0.027" errors="0" timestamp="08 Jun 2020 18:07:08 GMT" skipped="0">
  <testcase classname="com.testpackage.test1" name="sample" time="0.027"/>
</testsuite> <!-- com.testpackage.test1 -->
